<?xml version="1.0" encoding="UTF-8"?>
<!-- Generated by org.testng.reporters.JUnitReportReporter -->
<testsuite skipped="0" hostname="DESKTOP-C0A8MKT" name="testng_runner.Test_NG_Automation_Runner" tests="1" failures="0" timestamp="2021-07-11T17:46:40 CST" time="7.620" errors="0">
  <testcase name="method1" time="7.620" classname="testng_runner.Test_NG_Automation_Runner"/>
  <system-out/>
</testsuite> <!-- testng_runner.Test_NG_Automation_Runner -->
