<?xml version="1.0" encoding="UTF-8"?>
<!-- Generated by org.testng.reporters.JUnitReportReporter -->
<testsuite skipped="0" hostname="DESKTOP-C0A8MKT" name="testng_runner.Validate_Months_Runner" tests="1" failures="0" timestamp="2021-07-11T18:03:51 CST" time="5.734" errors="0">
  <testcase name="method1" time="5.734" classname="testng_runner.Validate_Months_Runner"/>
  <system-out/>
</testsuite> <!-- testng_runner.Validate_Months_Runner -->
