<?xml version="1.0" encoding="UTF-8"?>
<!-- Generated by org.testng.reporters.JUnitReportReporter -->
<testsuite skipped="0" hostname="DESKTOP-C0A8MKT" name="testng_runner.Test_NG_Automation_Runner" tests="1" failures="0" timestamp="10 Jul 2021 08:27:21 GMT" time="5.462" errors="0">
  <testcase name="method1" time="5.462" classname="testng_runner.Test_NG_Automation_Runner"/>
</testsuite> <!-- testng_runner.Test_NG_Automation_Runner -->
